<?xml version="1.0" encoding="UTF-8"?>
<!-- Generated by org.testng.reporters.JUnitReportReporter -->
<testsuite hostname="DESKTOP-VND2EAK" failures="0" tests="3" name="com.tests.ValidateReferral_Refralperson" time="30.476" errors="0" timestamp="2024-02-26T09:57:10 IST" skipped="0">
  <testcase classname="com.tests.ValidateReferral_Refralperson" name="validate_Addperson" time="8.517">
    <system-out>
      <![CDATA[Test case start validate_Addperson
Test case sucess validate_Addperson]]>
    </system-out>
  </testcase> <!-- validate_Addperson -->
  <testcase classname="com.tests.ValidateReferral_Refralperson" name="validate_Addperson" time="8.431">
    <system-out>
      <![CDATA[Test case start validate_Addperson
Test case sucess validate_Addperson]]>
    </system-out>
  </testcase> <!-- validate_Addperson -->
  <testcase classname="com.tests.ValidateReferral_Refralperson" name="validate_Addperson" time="13.528">
    <system-out>
      <![CDATA[Test case start validate_Addperson
Test case sucess validate_Addperson]]>
    </system-out>
  </testcase> <!-- validate_Addperson -->
  <system-out>
    <![CDATA[Test case start validate_Addperson
Test case sucess validate_Addperson
Test case start validate_Addperson
Test case sucess validate_Addperson
Test case start validate_Addperson
Test case sucess validate_Addperson]]>
  </system-out>
</testsuite> <!-- com.tests.ValidateReferral_Refralperson -->
