<?xml version="1.0" encoding="UTF-8"?>
<!-- Generated by org.testng.reporters.JUnitReportReporter -->
<testsuite hostname="DESKTOP-VND2EAK" failures="0" tests="2" name="com.tests.ReferalPaymnt_Add" time="57.051" errors="0" timestamp="2024-02-26T09:58:57 IST" skipped="0">
  <testcase classname="com.tests.ReferalPaymnt_Add" name="reffeal_module" time="27.904"/>
  <testcase classname="com.tests.ReferalPaymnt_Add" name="reffeal_module" time="29.147"/>
</testsuite> <!-- com.tests.ReferalPaymnt_Add -->
