<?xml version="1.0" encoding="UTF-8"?>
<!-- Generated by org.testng.reporters.JUnitReportReporter -->
<testsuite hostname="DESKTOP-VND2EAK" failures="0" tests="1" name="com.tests.Validate_login_logout" time="7.661" errors="0" timestamp="2024-01-31T11:39:41 IST" skipped="0">
  <testcase classname="com.tests.Validate_login_logout" name="logout" time="7.661"/>
</testsuite> <!-- com.tests.Validate_login_logout -->
